TN:
SF:/Users/rameshb/Project/GitHub/west-elm-frontend/src/js/controller/product-list.js
FN:7,init
FN:16,(anonymous_2)
FN:45,getPrice
FN:69,getPriceFromSelling
FNF:4
FNH:4
FNDA:3,init
FNDA:72,(anonymous_2)
FNDA:76,getPrice
FNDA:76,getPriceFromSelling
DA:1,1
DA:7,1
DA:9,3
DA:11,3
DA:14,3
DA:15,3
DA:16,3
DA:17,72
DA:20,72
DA:21,72
DA:24,72
DA:27,72
DA:28,72
DA:31,72
DA:32,72
DA:33,72
DA:45,1
DA:46,76
DA:47,68
DA:48,68
DA:50,8
DA:51,8
DA:52,8
DA:55,0
DA:69,1
DA:70,76
DA:71,76
DA:72,68
DA:74,76
DA:75,68
DA:78,8
DA:80,76
LF:32
LH:31
BRDA:15,1,0,3
BRDA:15,1,1,0
BRDA:46,2,0,68
BRDA:46,2,1,8
BRDA:47,3,0,68
BRDA:47,3,1,0
BRDA:50,4,0,8
BRDA:50,4,1,0
BRDA:51,5,0,8
BRDA:51,5,1,0
BRDA:71,6,0,68
BRDA:71,6,1,8
BRDA:74,7,0,68
BRDA:74,7,1,8
BRF:14
BRH:10
end_of_record
TN:
SF:/Users/rameshb/Project/GitHub/west-elm-frontend/src/js/lib/carousel.js
FN:19,(anonymous_1)
FN:26,(anonymous_2)
FN:51,(anonymous_3)
FN:67,(anonymous_4)
FN:87,(anonymous_5)
FN:103,(anonymous_6)
FN:114,(anonymous_7)
FNF:7
FNH:7
FNDA:72,(anonymous_1)
FNDA:273,(anonymous_2)
FNDA:273,(anonymous_3)
FNDA:3,(anonymous_4)
FNDA:2,(anonymous_5)
FNDA:1,(anonymous_6)
FNDA:1,(anonymous_7)
DA:12,1
DA:19,1
DA:20,72
DA:21,72
DA:22,72
DA:23,72
DA:26,72
DA:27,273
DA:28,201
DA:30,273
DA:34,72
DA:37,72
DA:38,72
DA:39,72
DA:42,72
DA:43,72
DA:44,72
DA:51,1
DA:52,273
DA:53,273
DA:54,72
DA:56,273
DA:57,273
DA:58,273
DA:67,1
DA:68,3
DA:69,3
DA:70,2
DA:71,2
DA:73,1
DA:74,1
DA:75,1
DA:76,1
DA:77,1
DA:87,1
DA:88,2
DA:89,2
DA:90,1
DA:94,1
DA:103,1
DA:104,1
DA:105,1
DA:106,1
DA:114,1
DA:115,1
DA:116,1
DA:117,1
LF:47
LH:47
BRDA:27,1,0,201
BRDA:27,1,1,72
BRDA:53,2,0,72
BRDA:53,2,1,201
BRDA:69,3,0,2
BRDA:69,3,1,1
BRDA:89,4,0,1
BRDA:89,4,1,1
BRF:8
BRH:8
end_of_record
TN:
SF:/Users/rameshb/Project/GitHub/west-elm-frontend/src/js/model/product-list.js
FNF:0
FNH:0
DA:8,1
LF:1
LH:1
BRF:0
BRH:0
end_of_record
